161205 15:12:18 mysqld_safe Starting mysqld daemon with databases from /var/lib/mysql
161205 15:12:18 [Warning] Using unique option prefix key_buffer instead of key_buffer_size is deprecated and will be removed in a future release. Please use the full name instead.
161205 15:12:18 [Note] /usr/sbin/mysqld (mysqld 5.5.49-0+deb8u1) starting as process 656 ...
161205 15:12:18 [Warning] Using unique option prefix myisam-recover instead of myisam-recover-options is deprecated and will be removed in a future release. Please use the full name instead.
161205 15:12:18 [Note] Plugin 'FEDERATED' is disabled.
161205 15:12:18 InnoDB: The InnoDB memory heap is disabled
161205 15:12:18 InnoDB: Mutexes and rw_locks use GCC atomic builtins
161205 15:12:18 InnoDB: Compressed tables use zlib 1.2.8
161205 15:12:18 InnoDB: Using Linux native AIO
161205 15:12:19 InnoDB: Initializing buffer pool, size = 8.0M
161205 15:12:19 InnoDB: Completed initialization of buffer pool
161205 15:12:19 InnoDB: highest supported file format is Barracuda.
161205 15:12:19  InnoDB: Waiting for the background threads to start
161205 15:12:20 InnoDB: 5.5.49 started; log sequence number 1595675
161205 15:12:20 [Note] Server hostname (bind-address): '0.0.0.0'; port: 3306
161205 15:12:20 [Note]   - '0.0.0.0' resolves to '0.0.0.0';
161205 15:12:20 [Note] Server socket created on IP: '0.0.0.0'.
161205 15:12:20 [ERROR] /usr/sbin/mysqld: Table './mysql/user' is marked as crashed and should be repaired
161205 15:12:20 [Warning] Checking table:   './mysql/user'
161205 15:12:20 [ERROR] 1 client is using or hasn't closed the table properly
161205 15:12:20 [Note] Event Scheduler: Loaded 0 events
161205 15:12:20 [Note] /usr/sbin/mysqld: ready for connections.
Version: '5.5.49-0+deb8u1'  socket: '/var/run/mysqld/mysqld.sock'  port: 3306  (Debian)
